<?xml version="1.0" encoding="UTF-8"?>
<testsuite xmlns:xsi="http://www.w3.org/2001/XMLSchema-instance" xsi:noNamespaceSchemaLocation="https://maven.apache.org/surefire/maven-surefire-plugin/xsd/surefire-test-report-3.0.xsd" version="3.0" name="com.example.library.service.LibraryServiceTest" time="0.984" tests="8" errors="0" skipped="0" failures="0">
  <properties>
[...]
</properties>
  <testcase name="testBorrowBook_alreadyBorrowed" classname="com.example.library.service.LibraryServiceTest" time="0.824"/>
  <testcase name="testAddBook" classname="com.example.library.service.LibraryServiceTest" time="0.071"/>
  <testcase name="testBorrowBook_success" classname="com.example.library.service.LibraryServiceTest" time="0.007"/>
  <testcase name="testReturnBook_success" classname="com.example.library.service.LibraryServiceTest" time="0.011"/>
  <testcase name="testListAllBooks" classname="com.example.library.service.LibraryServiceTest" time="0.007"/>
  <testcase name="testRegisterBorrower" classname="com.example.library.service.LibraryServiceTest" time="0.005"/>
  <testcase name="testReturnBook_notBorrowed" classname="com.example.library.service.LibraryServiceTest" time="0.007"/>
  <testcase name="testReturnBook_notFound" classname="com.example.library.service.LibraryServiceTest" time="0.005"/>
</testsuite>