<?xml version="1.0" encoding="UTF-8"?>
<testsuite xmlns:xsi="http://www.w3.org/2001/XMLSchema-instance" xsi:noNamespaceSchemaLocation="https://maven.apache.org/surefire/maven-surefire-plugin/xsd/surefire-test-report-3.0.xsd" version="3.0" name="com.example.library.LibraryServiceTests" time="11.229" tests="1" errors="0" skipped="0" failures="0">
  <properties>
[...]
</properties>
  <testcase name="contextLoads" classname="com.example.library.LibraryServiceTests" time="0.931">
    <system-out><![CDATA[17:19:17.814 [main] INFO org.springframework.test.context.support.AnnotationConfigContextLoaderUtils -- Could not detect default configuration classes for test class [com.example.library.LibraryServiceTests]: LibraryServiceTests does not declare any static, non-private, non-final, nested classes annotated with @Configuration.
17:19:18.049 [main] INFO org.springframework.boot.test.context.SpringBootTestContextBootstrapper -- Found @SpringBootConfiguration com.example.library.LibraryApiApplication for test class com.example.library.LibraryServiceTests

  .   ____          _            __ _ _
 /\\ / ___'_ __ _ _(_)_ __  __ _ \ \ \ \
( ( )\___ | '_ | '_| | '_ \/ _` | \ \ \ \
 \\/  ___)| |_)| | | | | || (_| |  ) ) ) )
  '  |____| .__|_| |_|_| |_\__, | / / / /
 =========|_|==============|___/=/_/_/_/
 :: Spring Boot ::                (v3.2.3)

2025-07-03T17:19:18.936+08:00  INFO 19692 --- [           main] c.example.library.LibraryServiceTests    : Starting LibraryServiceTests using Java 17.0.7 with PID 19692 (started by Rajakumari in E:\VijayWork\SkillQuotient_Task_02072025\library-api\library-api)
2025-07-03T17:19:18.939+08:00  INFO 19692 --- [           main] c.example.library.LibraryServiceTests    : The following 1 profile is active: "docker"
2025-07-03T17:19:20.662+08:00  INFO 19692 --- [           main] .s.d.r.c.RepositoryConfigurationDelegate : Bootstrapping Spring Data JPA repositories in DEFAULT mode.
2025-07-03T17:19:20.775+08:00  INFO 19692 --- [           main] .s.d.r.c.RepositoryConfigurationDelegate : Finished Spring Data repository scanning in 94 ms. Found 2 JPA repository interfaces.
2025-07-03T17:19:21.978+08:00  INFO 19692 --- [           main] o.hibernate.jpa.internal.util.LogHelper  : HHH000204: Processing PersistenceUnitInfo [name: default]
2025-07-03T17:19:22.212+08:00  INFO 19692 --- [           main] org.hibernate.Version                    : HHH000412: Hibernate ORM core version 6.4.4.Final
2025-07-03T17:19:22.301+08:00  INFO 19692 --- [           main] o.h.c.internal.RegionFactoryInitiator    : HHH000026: Second-level cache disabled
2025-07-03T17:19:22.917+08:00  INFO 19692 --- [           main] o.s.o.j.p.SpringPersistenceUnitInfo      : No LoadTimeWeaver setup: ignoring JPA class transformer
2025-07-03T17:19:22.992+08:00  INFO 19692 --- [           main] com.zaxxer.hikari.HikariDataSource       : HikariPool-1 - Starting...
2025-07-03T17:19:23.501+08:00  INFO 19692 --- [           main] com.zaxxer.hikari.pool.HikariPool        : HikariPool-1 - Added connection conn0: url=jdbc:h2:mem:librarydb user=SA
2025-07-03T17:19:23.504+08:00  INFO 19692 --- [           main] com.zaxxer.hikari.HikariDataSource       : HikariPool-1 - Start completed.
2025-07-03T17:19:23.567+08:00  WARN 19692 --- [           main] org.hibernate.orm.deprecation            : HHH90000025: H2Dialect does not need to be specified explicitly using 'hibernate.dialect' (remove the property setting and it will be selected by default)
2025-07-03T17:19:25.218+08:00  INFO 19692 --- [           main] o.h.e.t.j.p.i.JtaPlatformInitiator       : HHH000489: No JTA platform available (set 'hibernate.transaction.jta.platform' to enable JTA platform integration)
Hibernate: create table book (id bigint generated by default as identity, author varchar(255), is_borrowed boolean not null, isbn varchar(255), title varchar(255), primary key (id))
Hibernate: create table borrower (id bigint generated by default as identity, email varchar(255), name varchar(255), primary key (id))
Hibernate: alter table if exists borrower drop constraint if exists UK_b32npirfvnbp9jrskluwkf3p2
Hibernate: alter table if exists borrower add constraint UK_b32npirfvnbp9jrskluwkf3p2 unique (email)
2025-07-03T17:19:25.324+08:00  INFO 19692 --- [           main] j.LocalContainerEntityManagerFactoryBean : Initialized JPA EntityManagerFactory for persistence unit 'default'
2025-07-03T17:19:26.557+08:00  WARN 19692 --- [           main] JpaBaseConfiguration$JpaWebConfiguration : spring.jpa.open-in-view is enabled by default. Therefore, database queries may be performed during view rendering. Explicitly configure spring.jpa.open-in-view to disable this warning
2025-07-03T17:19:27.519+08:00  INFO 19692 --- [           main] o.s.b.a.h2.H2ConsoleAutoConfiguration    : H2 console available at '/h2-console'. Database available at 'jdbc:h2:mem:librarydb'
2025-07-03T17:19:27.683+08:00  INFO 19692 --- [           main] c.example.library.LibraryServiceTests    : Started LibraryServiceTests in 9.256 seconds (process running for 11.194)
Hibernate: insert into book (author,is_borrowed,isbn,title,id) values (?,?,?,?,default)
Hibernate: insert into book (author,is_borrowed,isbn,title,id) values (?,?,?,?,default)
]]></system-out>
  </testcase>
</testsuite>